<?xml version="1.0" encoding="UTF-8"?>
<!-- Generated by org.testng.reporters.JUnitXMLReporter -->
<testsuite hostname="DESKTOP-0D9IMT3" ignored="0" name="Default test" tests="18" failures="0" timestamp="05 фев 2017 23:52:42 GMT" time="0.116" errors="0">
  <testcase name="tstRegistrationNegative" time="0.016" classname="com.epam.dao.impl.TstClientService"/>
  <testcase name="tstRegistrationNegative" time="0.0" classname="com.epam.dao.impl.TstClientService"/>
  <testcase name="tstRegistrationNegative" time="0.0" classname="com.epam.dao.impl.TstClientService"/>
  <testcase name="tstRegistrationPositive" time="0.0" classname="com.epam.dao.impl.TstClientService"/>
  <testcase name="tstRegistrationPositive" time="0.0" classname="com.epam.dao.impl.TstClientService"/>
  <testcase name="tstRegistrationPositive" time="0.0" classname="com.epam.dao.impl.TstClientService"/>
  <testcase name="tstSignInNegative" time="0.0" classname="com.epam.dao.impl.TstClientService"/>
  <testcase name="tstSignInNegative" time="0.0" classname="com.epam.dao.impl.TstClientService"/>
  <testcase name="tstSignInNegative" time="0.0" classname="com.epam.dao.impl.TstClientService"/>
  <testcase name="tstSignInPositive" time="0.0" classname="com.epam.dao.impl.TstClientService"/>
  <testcase name="tstSignInPositive" time="0.0" classname="com.epam.dao.impl.TstClientService"/>
  <testcase name="tstSignInPositive" time="0.0" classname="com.epam.dao.impl.TstClientService"/>
  <testcase name="tstSignOutNegative" time="0.0" classname="com.epam.dao.impl.TstClientService"/>
  <testcase name="tstSignOutNegative" time="0.016" classname="com.epam.dao.impl.TstClientService"/>
  <testcase name="tstSignOutNegative" time="0.0" classname="com.epam.dao.impl.TstClientService"/>
  <testcase name="tstSignOutPositive" time="0.0" classname="com.epam.dao.impl.TstClientService"/>
  <testcase name="tstSignOutPositive" time="0.0" classname="com.epam.dao.impl.TstClientService"/>
  <testcase name="tstSignOutPositive" time="0.0" classname="com.epam.dao.impl.TstClientService"/>
</testsuite> <!-- Default test -->
